0 info it worked if it ends with ok
1 verbose cli [ '/home/harry/.nvm/versions/node/v6.5.0/bin/node',
1 verbose cli   '/home/harry/.nvm/versions/node/v6.5.0/bin/npm',
1 verbose cli   'start' ]
2 info using npm@3.10.3
3 info using node@v6.5.0
4 verbose run-script [ 'prestart', 'start', 'poststart' ]
5 info lifecycle nodejsdacs2016@1.0.0~prestart: nodejsdacs2016@1.0.0
6 silly lifecycle nodejsdacs2016@1.0.0~prestart: no script for prestart, continuing
7 info lifecycle nodejsdacs2016@1.0.0~start: nodejsdacs2016@1.0.0
8 verbose lifecycle nodejsdacs2016@1.0.0~start: unsafe-perm in lifecycle true
9 verbose lifecycle nodejsdacs2016@1.0.0~start: PATH: /home/harry/.nvm/versions/node/v6.5.0/lib/node_modules/npm/bin/node-gyp-bin:/home/harry/Code/dacs/node_modules/.bin:/home/harry/.nvm/versions/node/v6.5.0/bin:/home/harry/.nvm/versions/node/v6.5.0/bin:/usr/lib64/qt-3.3/bin:/usr/lib64/ccache:/usr/local/bin:/usr/local/sbin:/usr/bin:/usr/sbin:/home/harry/.local/bin:/home/harry/bin:/home/harry/.config/composer/vendor/bin
10 verbose lifecycle nodejsdacs2016@1.0.0~start: CWD: /home/harry/Code/dacs
11 silly lifecycle nodejsdacs2016@1.0.0~start: Args: [ '-c', 'node index.js' ]
12 silly lifecycle nodejsdacs2016@1.0.0~start: Returned: code: 1  signal: null
13 info lifecycle nodejsdacs2016@1.0.0~start: Failed to exec start script
14 verbose stack Error: nodejsdacs2016@1.0.0 start: `node index.js`
14 verbose stack Exit status 1
14 verbose stack     at EventEmitter.<anonymous> (/home/harry/.nvm/versions/node/v6.5.0/lib/node_modules/npm/lib/utils/lifecycle.js:242:16)
14 verbose stack     at emitTwo (events.js:106:13)
14 verbose stack     at EventEmitter.emit (events.js:191:7)
14 verbose stack     at ChildProcess.<anonymous> (/home/harry/.nvm/versions/node/v6.5.0/lib/node_modules/npm/lib/utils/spawn.js:40:14)
14 verbose stack     at emitTwo (events.js:106:13)
14 verbose stack     at ChildProcess.emit (events.js:191:7)
14 verbose stack     at maybeClose (internal/child_process.js:877:16)
14 verbose stack     at Process.ChildProcess._handle.onexit (internal/child_process.js:226:5)
15 verbose pkgid nodejsdacs2016@1.0.0
16 verbose cwd /home/harry/Code/dacs
17 error Linux 4.7.2-201.fc24.x86_64
18 error argv "/home/harry/.nvm/versions/node/v6.5.0/bin/node" "/home/harry/.nvm/versions/node/v6.5.0/bin/npm" "start"
19 error node v6.5.0
20 error npm  v3.10.3
21 error code ELIFECYCLE
22 error nodejsdacs2016@1.0.0 start: `node index.js`
22 error Exit status 1
23 error Failed at the nodejsdacs2016@1.0.0 start script 'node index.js'.
23 error Make sure you have the latest version of node.js and npm installed.
23 error If you do, this is most likely a problem with the nodejsdacs2016 package,
23 error not with npm itself.
23 error Tell the author that this fails on your system:
23 error     node index.js
23 error You can get information on how to open an issue for this project with:
23 error     npm bugs nodejsdacs2016
23 error Or if that isn't available, you can get their info via:
23 error     npm owner ls nodejsdacs2016
23 error There is likely additional logging output above.
24 verbose exit [ 1, true ]
